<?xml version="1.0" encoding="UTF-8"?>
<!-- Generated by org.testng.reporters.JUnitReportReporter -->
<testsuite hostname="DESKTOP-H59BR32" failures="0" tests="3" name="testNG.FirstTestCase" time="0.016" errors="0" timestamp="2025-02-15T14:49:42 IST" skipped="0">
  <testcase classname="testNG.FirstTestCase" name="openapp" time="0.007"/>
  <testcase classname="testNG.FirstTestCase" name="login" time="0.003"/>
  <testcase classname="testNG.FirstTestCase" name="logout" time="0.006"/>
</testsuite> <!-- testNG.FirstTestCase -->
